{"$message_type":"diagnostic","message":"can't find crate for `clap`","code":{"code":"E0463","explanation":"A crate was declared but cannot be found.\n\nErroneous code example:\n\n```compile_fail,E0463\nextern crate foo; // error: can't find crate\n```\n\nYou need to link your code to the relevant crate in order to be able to use it\n(through Cargo or the `-L` option of rustc, for example).\n\n## Common causes\n\n- The crate is not present at all. If using Cargo, add it to `[dependencies]`\n  in Cargo.toml.\n- The crate is present, but under a different name. If using Cargo, look for\n  `package = ` under `[dependencies]` in Cargo.toml.\n\n## Common causes for missing `std` or `core`\n\n- You are cross-compiling for a target which doesn't have `std` prepackaged.\n  Consider one of the following:\n  + Adding a pre-compiled version of std with `rustup target add`\n  + Building std from source with `cargo build -Z build-std`\n  + Using `#![no_std]` at the crate root, so you won't need `std` in the first\n    place.\n- You are developing the compiler itself and haven't built libstd from source.\n  You can usually build it with `x.py build library/std`. More information\n  about x.py is available in the [rustc-dev-guide].\n\n[rustc-dev-guide]: https://rustc-dev-guide.rust-lang.org/building/how-to-build-and-run.html#building-the-compiler\n"},"level":"error","spans":[{"file_name":"src/main.rs","byte_start":0,"byte_end":18,"line_start":1,"line_end":1,"column_start":1,"column_end":19,"is_primary":true,"text":[{"text":"extern crate clap;","highlight_start":1,"highlight_end":19}],"label":"can't find crate","suggested_replacement":null,"suggestion_applicability":null,"expansion":null}],"children":[],"rendered":"\u001b[1m\u001b[91merror[E0463]\u001b[0m\u001b[1m: can't find crate for `clap`\u001b[0m\n \u001b[1m\u001b[94m--> \u001b[0msrc/main.rs:1:1\n  \u001b[1m\u001b[94m|\u001b[0m\n\u001b[1m\u001b[94m1\u001b[0m \u001b[1m\u001b[94m|\u001b[0m extern crate clap;\n  \u001b[1m\u001b[94m|\u001b[0m \u001b[1m\u001b[91m^^^^^^^^^^^^^^^^^^\u001b[0m \u001b[1m\u001b[91mcan't find crate\u001b[0m\n\n"}
{"$message_type":"diagnostic","message":"cannot find attribute `command` in this scope","code":null,"level":"error","spans":[{"file_name":"src/main.rs","byte_start":207,"byte_end":214,"line_start":12,"line_end":12,"column_start":3,"column_end":10,"is_primary":true,"text":[{"text":"#[command(","highlight_start":3,"highlight_end":10}],"label":null,"suggested_replacement":null,"suggestion_applicability":null,"expansion":null}],"children":[],"rendered":"\u001b[1m\u001b[91merror\u001b[0m\u001b[1m: cannot find attribute `command` in this scope\u001b[0m\n  \u001b[1m\u001b[94m--> \u001b[0msrc/main.rs:12:3\n   \u001b[1m\u001b[94m|\u001b[0m\n\u001b[1m\u001b[94m12\u001b[0m \u001b[1m\u001b[94m|\u001b[0m #[command(\n   \u001b[1m\u001b[94m|\u001b[0m   \u001b[1m\u001b[91m^^^^^^^\u001b[0m\n\n"}
{"$message_type":"diagnostic","message":"cannot find attribute `arg` in this scope","code":null,"level":"error","spans":[{"file_name":"src/main.rs","byte_start":352,"byte_end":355,"line_start":20,"line_end":20,"column_start":7,"column_end":10,"is_primary":true,"text":[{"text":"    #[arg(short, long, default_value = \"output.png\")]","highlight_start":7,"highlight_end":10}],"label":null,"suggested_replacement":null,"suggestion_applicability":null,"expansion":null}],"children":[],"rendered":"\u001b[1m\u001b[91merror\u001b[0m\u001b[1m: cannot find attribute `arg` in this scope\u001b[0m\n  \u001b[1m\u001b[94m--> \u001b[0msrc/main.rs:20:7\n   \u001b[1m\u001b[94m|\u001b[0m\n\u001b[1m\u001b[94m20\u001b[0m \u001b[1m\u001b[94m|\u001b[0m     #[arg(short, long, default_value = \"output.png\")]\n   \u001b[1m\u001b[94m|\u001b[0m       \u001b[1m\u001b[91m^^^\u001b[0m\n\n"}
{"$message_type":"diagnostic","message":"cannot find attribute `arg` in this scope","code":null,"level":"error","spans":[{"file_name":"src/main.rs","byte_start":427,"byte_end":430,"line_start":23,"line_end":23,"column_start":7,"column_end":10,"is_primary":true,"text":[{"text":"    #[arg(short, long, default_value_t = 25.0)]","highlight_start":7,"highlight_end":10}],"label":null,"suggested_replacement":null,"suggestion_applicability":null,"expansion":null}],"children":[],"rendered":"\u001b[1m\u001b[91merror\u001b[0m\u001b[1m: cannot find attribute `arg` in this scope\u001b[0m\n  \u001b[1m\u001b[94m--> \u001b[0msrc/main.rs:23:7\n   \u001b[1m\u001b[94m|\u001b[0m\n\u001b[1m\u001b[94m23\u001b[0m \u001b[1m\u001b[94m|\u001b[0m     #[arg(short, long, default_value_t = 25.0)]\n   \u001b[1m\u001b[94m|\u001b[0m       \u001b[1m\u001b[91m^^^\u001b[0m\n\n"}
{"$message_type":"diagnostic","message":"cannot find attribute `arg` in this scope","code":null,"level":"error","spans":[{"file_name":"src/main.rs","byte_start":491,"byte_end":494,"line_start":26,"line_end":26,"column_start":7,"column_end":10,"is_primary":true,"text":[{"text":"    #[arg(short = 'i', long, default_value_t = 0.8)]","highlight_start":7,"highlight_end":10}],"label":null,"suggested_replacement":null,"suggestion_applicability":null,"expansion":null}],"children":[],"rendered":"\u001b[1m\u001b[91merror\u001b[0m\u001b[1m: cannot find attribute `arg` in this scope\u001b[0m\n  \u001b[1m\u001b[94m--> \u001b[0msrc/main.rs:26:7\n   \u001b[1m\u001b[94m|\u001b[0m\n\u001b[1m\u001b[94m26\u001b[0m \u001b[1m\u001b[94m|\u001b[0m     #[arg(short = 'i', long, default_value_t = 0.8)]\n   \u001b[1m\u001b[94m|\u001b[0m       \u001b[1m\u001b[91m^^^\u001b[0m\n\n"}
{"$message_type":"diagnostic","message":"cannot find attribute `arg` in this scope","code":null,"level":"error","spans":[{"file_name":"src/main.rs","byte_start":565,"byte_end":568,"line_start":29,"line_end":29,"column_start":7,"column_end":10,"is_primary":true,"text":[{"text":"    #[arg(long, default_value_t = 8.0)]","highlight_start":7,"highlight_end":10}],"label":null,"suggested_replacement":null,"suggestion_applicability":null,"expansion":null}],"children":[],"rendered":"\u001b[1m\u001b[91merror\u001b[0m\u001b[1m: cannot find attribute `arg` in this scope\u001b[0m\n  \u001b[1m\u001b[94m--> \u001b[0msrc/main.rs:29:7\n   \u001b[1m\u001b[94m|\u001b[0m\n\u001b[1m\u001b[94m29\u001b[0m \u001b[1m\u001b[94m|\u001b[0m     #[arg(long, default_value_t = 8.0)]\n   \u001b[1m\u001b[94m|\u001b[0m       \u001b[1m\u001b[91m^^^\u001b[0m\n\n"}
{"$message_type":"diagnostic","message":"no function or associated item named `parse` found for struct `Args` in the current scope","code":{"code":"E0599","explanation":"This error occurs when a method is used on a type which doesn't implement it:\n\nErroneous code example:\n\n```compile_fail,E0599\nstruct Mouth;\n\nlet x = Mouth;\nx.chocolate(); // error: no method named `chocolate` found for type `Mouth`\n               //        in the current scope\n```\n\nIn this case, you need to implement the `chocolate` method to fix the error:\n\n```\nstruct Mouth;\n\nimpl Mouth {\n    fn chocolate(&self) { // We implement the `chocolate` method here.\n        println!(\"Hmmm! I love chocolate!\");\n    }\n}\n\nlet x = Mouth;\nx.chocolate(); // ok!\n```\n"},"level":"error","spans":[{"file_name":"src/main.rs","byte_start":2528,"byte_end":2533,"line_start":95,"line_end":95,"column_start":22,"column_end":27,"is_primary":true,"text":[{"text":"    let args = Args::parse();","highlight_start":22,"highlight_end":27}],"label":"function or associated item not found in `Args`","suggested_replacement":null,"suggestion_applicability":null,"expansion":null},{"file_name":"src/main.rs","byte_start":312,"byte_end":323,"line_start":17,"line_end":17,"column_start":1,"column_end":12,"is_primary":false,"text":[{"text":"struct Args {","highlight_start":1,"highlight_end":12}],"label":"function or associated item `parse` not found for this struct","suggested_replacement":null,"suggestion_applicability":null,"expansion":null}],"children":[{"message":"items from traits can only be used if the trait is implemented and in scope","code":null,"level":"help","spans":[],"children":[],"rendered":null},{"message":"the following traits define an item `parse`, perhaps you need to implement one of them:\ncandidate #1: `bitstream_io::read::BitRead`\ncandidate #2: `bitstream_io::read::BitRead2`\ncandidate #3: `bitstream_io::read::ByteRead`\ncandidate #4: `nom::internal::Parser`","code":null,"level":"note","spans":[],"children":[],"rendered":null}],"rendered":"\u001b[1m\u001b[91merror[E0599]\u001b[0m\u001b[1m: no function or associated item named `parse` found for struct `Args` in the current scope\u001b[0m\n  \u001b[1m\u001b[94m--> \u001b[0msrc/main.rs:95:22\n   \u001b[1m\u001b[94m|\u001b[0m\n\u001b[1m\u001b[94m17\u001b[0m \u001b[1m\u001b[94m|\u001b[0m struct Args {\n   \u001b[1m\u001b[94m|\u001b[0m \u001b[1m\u001b[94m-----------\u001b[0m \u001b[1m\u001b[94mfunction or associated item `parse` not found for this struct\u001b[0m\n\u001b[1m\u001b[94m...\u001b[0m\n\u001b[1m\u001b[94m95\u001b[0m \u001b[1m\u001b[94m|\u001b[0m     let args = Args::parse();\n   \u001b[1m\u001b[94m|\u001b[0m                      \u001b[1m\u001b[91m^^^^^\u001b[0m \u001b[1m\u001b[91mfunction or associated item not found in `Args`\u001b[0m\n   \u001b[1m\u001b[94m|\u001b[0m\n   \u001b[1m\u001b[94m= \u001b[0m\u001b[1mhelp\u001b[0m: items from traits can only be used if the trait is implemented and in scope\n   \u001b[1m\u001b[94m= \u001b[0m\u001b[1mnote\u001b[0m: the following traits define an item `parse`, perhaps you need to implement one of them:\n           candidate #1: `bitstream_io::read::BitRead`\n           candidate #2: `bitstream_io::read::BitRead2`\n           candidate #3: `bitstream_io::read::ByteRead`\n           candidate #4: `nom::internal::Parser`\n\n"}
{"$message_type":"diagnostic","message":"aborting due to 7 previous errors","code":null,"level":"error","spans":[],"children":[],"rendered":"\u001b[1m\u001b[91merror\u001b[0m\u001b[1m: aborting due to 7 previous errors\u001b[0m\n\n"}
{"$message_type":"diagnostic","message":"Some errors have detailed explanations: E0463, E0599.","code":null,"level":"failure-note","spans":[],"children":[],"rendered":"\u001b[1mSome errors have detailed explanations: E0463, E0599.\u001b[0m\n"}
{"$message_type":"diagnostic","message":"For more information about an error, try `rustc --explain E0463`.","code":null,"level":"failure-note","spans":[],"children":[],"rendered":"\u001b[1mFor more information about an error, try `rustc --explain E0463`.\u001b[0m\n"}
