{"$message_type":"diagnostic","message":"unresolved import `clap`","code":{"code":"E0432","explanation":"An import was unresolved.\n\nErroneous code example:\n\n```compile_fail,E0432\nuse something::Foo; // error: unresolved import `something::Foo`.\n```\n\nIn Rust 2015, paths in `use` statements are relative to the crate root. To\nimport items relative to the current and parent modules, use the `self::` and\n`super::` prefixes, respectively.\n\nIn Rust 2018 or later, paths in `use` statements are relative to the current\nmodule unless they begin with the name of a crate or a literal `crate::`, in\nwhich case they start from the crate root. As in Rust 2015 code, the `self::`\nand `super::` prefixes refer to the current and parent modules respectively.\n\nAlso verify that you didn't misspell the import name and that the import exists\nin the module from where you tried to import it. Example:\n\n```\nuse self::something::Foo; // Ok.\n\nmod something {\n    pub struct Foo;\n}\n# fn main() {}\n```\n\nIf you tried to use a module from an external crate and are using Rust 2015,\nyou may have missed the `extern crate` declaration (which is usually placed in\nthe crate root):\n\n```edition2015\nextern crate core; // Required to use the `core` crate in Rust 2015.\n\nuse core::any;\n# fn main() {}\n```\n\nSince Rust 2018 the `extern crate` declaration is not required and\nyou can instead just `use` it:\n\n```edition2018\nuse core::any; // No extern crate required in Rust 2018.\n# fn main() {}\n```\n"},"level":"error","spans":[{"file_name":"src/main.rs","byte_start":4,"byte_end":8,"line_start":1,"line_end":1,"column_start":5,"column_end":9,"is_primary":true,"text":[{"text":"use clap::Parser;","highlight_start":5,"highlight_end":9}],"label":"use of unresolved module or unlinked crate `clap`","suggested_replacement":null,"suggestion_applicability":null,"expansion":null}],"children":[{"message":"if you wanted to use a crate named `clap`, use `cargo add clap` to add it to your `Cargo.toml`","code":null,"level":"help","spans":[],"children":[],"rendered":null}],"rendered":"\u001b[1m\u001b[91merror[E0432]\u001b[0m\u001b[1m: unresolved import `clap`\u001b[0m\n \u001b[1m\u001b[94m--> \u001b[0msrc/main.rs:1:5\n  \u001b[1m\u001b[94m|\u001b[0m\n\u001b[1m\u001b[94m1\u001b[0m \u001b[1m\u001b[94m|\u001b[0m use clap::Parser;\n  \u001b[1m\u001b[94m|\u001b[0m     \u001b[1m\u001b[91m^^^^\u001b[0m \u001b[1m\u001b[91muse of unresolved module or unlinked crate `clap`\u001b[0m\n  \u001b[1m\u001b[94m|\u001b[0m\n  \u001b[1m\u001b[94m= \u001b[0m\u001b[1mhelp\u001b[0m: if you wanted to use a crate named `clap`, use `cargo add clap` to add it to your `Cargo.toml`\n\n"}
{"$message_type":"diagnostic","message":"cannot find attribute `command` in this scope","code":null,"level":"error","spans":[{"file_name":"src/main.rs","byte_start":144,"byte_end":151,"line_start":7,"line_end":7,"column_start":3,"column_end":10,"is_primary":true,"text":[{"text":"#[command(","highlight_start":3,"highlight_end":10}],"label":null,"suggested_replacement":null,"suggestion_applicability":null,"expansion":null}],"children":[],"rendered":"\u001b[1m\u001b[91merror\u001b[0m\u001b[1m: cannot find attribute `command` in this scope\u001b[0m\n \u001b[1m\u001b[94m--> \u001b[0msrc/main.rs:7:3\n  \u001b[1m\u001b[94m|\u001b[0m\n\u001b[1m\u001b[94m7\u001b[0m \u001b[1m\u001b[94m|\u001b[0m #[command(\n  \u001b[1m\u001b[94m|\u001b[0m   \u001b[1m\u001b[91m^^^^^^^\u001b[0m\n\n"}
{"$message_type":"diagnostic","message":"cannot find attribute `arg` in this scope","code":null,"level":"error","spans":[{"file_name":"src/main.rs","byte_start":289,"byte_end":292,"line_start":15,"line_end":15,"column_start":7,"column_end":10,"is_primary":true,"text":[{"text":"    #[arg(short, long, default_value = \"output.png\")]","highlight_start":7,"highlight_end":10}],"label":null,"suggested_replacement":null,"suggestion_applicability":null,"expansion":null}],"children":[],"rendered":"\u001b[1m\u001b[91merror\u001b[0m\u001b[1m: cannot find attribute `arg` in this scope\u001b[0m\n  \u001b[1m\u001b[94m--> \u001b[0msrc/main.rs:15:7\n   \u001b[1m\u001b[94m|\u001b[0m\n\u001b[1m\u001b[94m15\u001b[0m \u001b[1m\u001b[94m|\u001b[0m     #[arg(short, long, default_value = \"output.png\")]\n   \u001b[1m\u001b[94m|\u001b[0m       \u001b[1m\u001b[91m^^^\u001b[0m\n\n"}
{"$message_type":"diagnostic","message":"cannot find attribute `arg` in this scope","code":null,"level":"error","spans":[{"file_name":"src/main.rs","byte_start":364,"byte_end":367,"line_start":18,"line_end":18,"column_start":7,"column_end":10,"is_primary":true,"text":[{"text":"    #[arg(short, long, default_value_t = 25.0)]","highlight_start":7,"highlight_end":10}],"label":null,"suggested_replacement":null,"suggestion_applicability":null,"expansion":null}],"children":[],"rendered":"\u001b[1m\u001b[91merror\u001b[0m\u001b[1m: cannot find attribute `arg` in this scope\u001b[0m\n  \u001b[1m\u001b[94m--> \u001b[0msrc/main.rs:18:7\n   \u001b[1m\u001b[94m|\u001b[0m\n\u001b[1m\u001b[94m18\u001b[0m \u001b[1m\u001b[94m|\u001b[0m     #[arg(short, long, default_value_t = 25.0)]\n   \u001b[1m\u001b[94m|\u001b[0m       \u001b[1m\u001b[91m^^^\u001b[0m\n\n"}
{"$message_type":"diagnostic","message":"cannot find attribute `arg` in this scope","code":null,"level":"error","spans":[{"file_name":"src/main.rs","byte_start":428,"byte_end":431,"line_start":21,"line_end":21,"column_start":7,"column_end":10,"is_primary":true,"text":[{"text":"    #[arg(short = 'i', long, default_value_t = 0.8)]","highlight_start":7,"highlight_end":10}],"label":null,"suggested_replacement":null,"suggestion_applicability":null,"expansion":null}],"children":[],"rendered":"\u001b[1m\u001b[91merror\u001b[0m\u001b[1m: cannot find attribute `arg` in this scope\u001b[0m\n  \u001b[1m\u001b[94m--> \u001b[0msrc/main.rs:21:7\n   \u001b[1m\u001b[94m|\u001b[0m\n\u001b[1m\u001b[94m21\u001b[0m \u001b[1m\u001b[94m|\u001b[0m     #[arg(short = 'i', long, default_value_t = 0.8)]\n   \u001b[1m\u001b[94m|\u001b[0m       \u001b[1m\u001b[91m^^^\u001b[0m\n\n"}
{"$message_type":"diagnostic","message":"cannot find attribute `arg` in this scope","code":null,"level":"error","spans":[{"file_name":"src/main.rs","byte_start":502,"byte_end":505,"line_start":24,"line_end":24,"column_start":7,"column_end":10,"is_primary":true,"text":[{"text":"    #[arg(long, default_value_t = 8.0)]","highlight_start":7,"highlight_end":10}],"label":null,"suggested_replacement":null,"suggestion_applicability":null,"expansion":null}],"children":[],"rendered":"\u001b[1m\u001b[91merror\u001b[0m\u001b[1m: cannot find attribute `arg` in this scope\u001b[0m\n  \u001b[1m\u001b[94m--> \u001b[0msrc/main.rs:24:7\n   \u001b[1m\u001b[94m|\u001b[0m\n\u001b[1m\u001b[94m24\u001b[0m \u001b[1m\u001b[94m|\u001b[0m     #[arg(long, default_value_t = 8.0)]\n   \u001b[1m\u001b[94m|\u001b[0m       \u001b[1m\u001b[91m^^^\u001b[0m\n\n"}
{"$message_type":"diagnostic","message":"unused import: `Pixel`","code":{"code":"unused_imports","explanation":null},"level":"warning","spans":[{"file_name":"src/main.rs","byte_start":30,"byte_end":35,"line_start":2,"line_end":2,"column_start":13,"column_end":18,"is_primary":true,"text":[{"text":"use image::{Pixel, Rgb, RgbImage};","highlight_start":13,"highlight_end":18}],"label":null,"suggested_replacement":null,"suggestion_applicability":null,"expansion":null}],"children":[{"message":"`#[warn(unused_imports)]` (part of `#[warn(unused)]`) on by default","code":null,"level":"note","spans":[],"children":[],"rendered":null},{"message":"remove the unused import","code":null,"level":"help","spans":[{"file_name":"src/main.rs","byte_start":30,"byte_end":37,"line_start":2,"line_end":2,"column_start":13,"column_end":20,"is_primary":true,"text":[{"text":"use image::{Pixel, Rgb, RgbImage};","highlight_start":13,"highlight_end":20}],"label":null,"suggested_replacement":"","suggestion_applicability":"MachineApplicable","expansion":null}],"children":[],"rendered":null}],"rendered":"\u001b[1m\u001b[33mwarning\u001b[0m\u001b[1m: unused import: `Pixel`\u001b[0m\n \u001b[1m\u001b[94m--> \u001b[0msrc/main.rs:2:13\n  \u001b[1m\u001b[94m|\u001b[0m\n\u001b[1m\u001b[94m2\u001b[0m \u001b[1m\u001b[94m|\u001b[0m use image::{Pixel, Rgb, RgbImage};\n  \u001b[1m\u001b[94m|\u001b[0m             \u001b[1m\u001b[33m^^^^^\u001b[0m\n  \u001b[1m\u001b[94m|\u001b[0m\n  \u001b[1m\u001b[94m= \u001b[0m\u001b[1mnote\u001b[0m: `#[warn(unused_imports)]` (part of `#[warn(unused)]`) on by default\n\n"}
{"$message_type":"diagnostic","message":"unused import: `Seedable`","code":{"code":"unused_imports","explanation":null},"level":"warning","spans":[{"file_name":"src/main.rs","byte_start":74,"byte_end":82,"line_start":3,"line_end":3,"column_start":22,"column_end":30,"is_primary":true,"text":[{"text":"use noise::{NoiseFn, Seedable, Worley};","highlight_start":22,"highlight_end":30}],"label":null,"suggested_replacement":null,"suggestion_applicability":null,"expansion":null}],"children":[{"message":"remove the unused import","code":null,"level":"help","spans":[{"file_name":"src/main.rs","byte_start":72,"byte_end":82,"line_start":3,"line_end":3,"column_start":20,"column_end":30,"is_primary":true,"text":[{"text":"use noise::{NoiseFn, Seedable, Worley};","highlight_start":20,"highlight_end":30}],"label":null,"suggested_replacement":"","suggestion_applicability":"MachineApplicable","expansion":null}],"children":[],"rendered":null}],"rendered":"\u001b[1m\u001b[33mwarning\u001b[0m\u001b[1m: unused import: `Seedable`\u001b[0m\n \u001b[1m\u001b[94m--> \u001b[0msrc/main.rs:3:22\n  \u001b[1m\u001b[94m|\u001b[0m\n\u001b[1m\u001b[94m3\u001b[0m \u001b[1m\u001b[94m|\u001b[0m use noise::{NoiseFn, Seedable, Worley};\n  \u001b[1m\u001b[94m|\u001b[0m                      \u001b[1m\u001b[33m^^^^^^^^\u001b[0m\n\n"}
{"$message_type":"diagnostic","message":"no function or associated item named `parse` found for struct `Args` in the current scope","code":{"code":"E0599","explanation":"This error occurs when a method is used on a type which doesn't implement it:\n\nErroneous code example:\n\n```compile_fail,E0599\nstruct Mouth;\n\nlet x = Mouth;\nx.chocolate(); // error: no method named `chocolate` found for type `Mouth`\n               //        in the current scope\n```\n\nIn this case, you need to implement the `chocolate` method to fix the error:\n\n```\nstruct Mouth;\n\nimpl Mouth {\n    fn chocolate(&self) { // We implement the `chocolate` method here.\n        println!(\"Hmmm! I love chocolate!\");\n    }\n}\n\nlet x = Mouth;\nx.chocolate(); // ok!\n```\n"},"level":"error","spans":[{"file_name":"src/main.rs","byte_start":2465,"byte_end":2470,"line_start":90,"line_end":90,"column_start":22,"column_end":27,"is_primary":true,"text":[{"text":"    let args = Args::parse();","highlight_start":22,"highlight_end":27}],"label":"function or associated item not found in `Args`","suggested_replacement":null,"suggestion_applicability":null,"expansion":null},{"file_name":"src/main.rs","byte_start":249,"byte_end":260,"line_start":12,"line_end":12,"column_start":1,"column_end":12,"is_primary":false,"text":[{"text":"struct Args {","highlight_start":1,"highlight_end":12}],"label":"function or associated item `parse` not found for this struct","suggested_replacement":null,"suggestion_applicability":null,"expansion":null}],"children":[{"message":"items from traits can only be used if the trait is implemented and in scope","code":null,"level":"help","spans":[],"children":[],"rendered":null},{"message":"the following traits define an item `parse`, perhaps you need to implement one of them:\ncandidate #1: `bitstream_io::read::BitRead`\ncandidate #2: `bitstream_io::read::BitRead2`\ncandidate #3: `bitstream_io::read::ByteRead`\ncandidate #4: `nom::internal::Parser`","code":null,"level":"note","spans":[],"children":[],"rendered":null}],"rendered":"\u001b[1m\u001b[91merror[E0599]\u001b[0m\u001b[1m: no function or associated item named `parse` found for struct `Args` in the current scope\u001b[0m\n  \u001b[1m\u001b[94m--> \u001b[0msrc/main.rs:90:22\n   \u001b[1m\u001b[94m|\u001b[0m\n\u001b[1m\u001b[94m12\u001b[0m \u001b[1m\u001b[94m|\u001b[0m struct Args {\n   \u001b[1m\u001b[94m|\u001b[0m \u001b[1m\u001b[94m-----------\u001b[0m \u001b[1m\u001b[94mfunction or associated item `parse` not found for this struct\u001b[0m\n\u001b[1m\u001b[94m...\u001b[0m\n\u001b[1m\u001b[94m90\u001b[0m \u001b[1m\u001b[94m|\u001b[0m     let args = Args::parse();\n   \u001b[1m\u001b[94m|\u001b[0m                      \u001b[1m\u001b[91m^^^^^\u001b[0m \u001b[1m\u001b[91mfunction or associated item not found in `Args`\u001b[0m\n   \u001b[1m\u001b[94m|\u001b[0m\n   \u001b[1m\u001b[94m= \u001b[0m\u001b[1mhelp\u001b[0m: items from traits can only be used if the trait is implemented and in scope\n   \u001b[1m\u001b[94m= \u001b[0m\u001b[1mnote\u001b[0m: the following traits define an item `parse`, perhaps you need to implement one of them:\n           candidate #1: `bitstream_io::read::BitRead`\n           candidate #2: `bitstream_io::read::BitRead2`\n           candidate #3: `bitstream_io::read::ByteRead`\n           candidate #4: `nom::internal::Parser`\n\n"}
{"$message_type":"diagnostic","message":"aborting due to 7 previous errors; 2 warnings emitted","code":null,"level":"error","spans":[],"children":[],"rendered":"\u001b[1m\u001b[91merror\u001b[0m\u001b[1m: aborting due to 7 previous errors; 2 warnings emitted\u001b[0m\n\n"}
{"$message_type":"diagnostic","message":"Some errors have detailed explanations: E0432, E0599.","code":null,"level":"failure-note","spans":[],"children":[],"rendered":"\u001b[1mSome errors have detailed explanations: E0432, E0599.\u001b[0m\n"}
{"$message_type":"diagnostic","message":"For more information about an error, try `rustc --explain E0432`.","code":null,"level":"failure-note","spans":[],"children":[],"rendered":"\u001b[1mFor more information about an error, try `rustc --explain E0432`.\u001b[0m\n"}
